Sun 12:12: PROGRESS: MaxCompiler version: 2015.2
Sun 12:12: PROGRESS: Build "MeanSolution" start time: Sun Mar 29 12:12:37 UTC 2020
Sun 12:12: PROGRESS: Main build process running as user jelenaglisic1996 on host 30ce4f5231d2
Sun 12:12: INFO    : Loading build properties from bundled MaxCompiler_build.conf...
Sun 12:12: INFO    : Loading default build properties from /opt/MaxCompiler_build.conf
Sun 12:12: INFO    : User build properties not found in file: /home/jelenaglisic1996/.MaxCompiler_build_user.conf
Sun 12:12: INFO    : No user-specified external build property file has been specified.
Sun 12:12: INFO    : (Set environment variable MAXCOMPILER_BUILD_CONF_FILE to assign one)
Sun 12:12: INFO    : Loading additional parameters from MAXCOMPILER_BUILD_CONF environment variable
Sun 12:12: PROGRESS: Build location: /tmp/MeanSolution_VECTIS_DFE_SIM
Sun 12:12: PROGRESS: Detailed build log available in "_build.log"
Sun 12:12: INFO    : Created build manager MeanSolution (MeanSolution_VECTIS_DFE_SIM Sun Mar 29 12:12:37 UTC 2020). (12:12:37 29/03/20)
Sun 12:12: INFO    : Working in dir: /tmp/MeanSolution_VECTIS_DFE_SIM
Sun 12:12: INFO    : Java class path (2 paths):
Sun 12:12: INFO    : 	/home/jelenaglisic1996/WebIDE-Projects/MeanFilter/RunRules/Simulation/dist/bin
Sun 12:12: INFO    : 	/opt/maxcompiler/lib/MaxCompiler.jar
Sun 12:12: INFO    : Java process started by 'main' method in class 'mean.MeanSolutionManager'.
Sun 12:12: INFO    : build.arbitrated_core_cache parameter is blank, not using core-cache
Sun 12:12: INFO    : Checking license files in directory: /opt/maxcompiler//licenses
Sun 12:12: INFO    : All license signatures valid.
Sun 12:12: PROGRESS: Instantiating manager
Sun 12:12: PROGRESS: Instantiating kernel "MeanSolutionKernel"
Sun 12:12: INFO    : Backing-up source-files (old source files in build directory will be removed first)...
Sun 12:12: INFO    : Source directories: src
Sun 12:12: INFO    : Not deleting directory (does not exist): src
Sun 12:12: INFO    : Copying source-files took 2.56612 ms
Sun 12:12: PROGRESS: Compiling manager (CPU I/O Only)
Sun 12:12: INFO    : Backing-up source-files (old source files in build directory will be removed first)...
Sun 12:12: INFO    : Source directories: src
Sun 12:12: INFO    : Deleting directory: src
Sun 12:12: INFO    : Copying source-files took 3.20476 ms
Sun 12:12: INFO    : Manager Configuration:
Sun 12:12: INFO    : 	ManagerConfiguration.allowNonMultipleTransitions = false                                                         [Init: false]
Sun 12:12: INFO    : 	ManagerConfiguration.board = MAX3424A                                                                            [Init: null, init: MAX3424A]
Sun 12:12: INFO    : 	ManagerConfiguration.build.buildEffort = MEDIUM                                                                  [Init: MEDIUM]
Sun 12:12: INFO    : 	ManagerConfiguration.build.enableChipScopeInserter = false                                                       [Init: false]
Sun 12:12: INFO    : 	ManagerConfiguration.build.enableTimingAnalysis = true                                                           [Init: true]
Sun 12:12: INFO    : 	ManagerConfiguration.build.level = FULL_BUILD                                                                    [Init: FULL_BUILD]
Sun 12:12: INFO    : 	ManagerConfiguration.build.mpprContinueAfterMeetingTiming = false                                                [Init: false]
Sun 12:12: INFO    : 	ManagerConfiguration.build.mpprCtMax = 1                                                                         [Init: 1]
Sun 12:12: INFO    : 	ManagerConfiguration.build.mpprCtMin = 1                                                                         [Init: 1]
Sun 12:12: INFO    : 	ManagerConfiguration.build.mpprParallelism = 1                                                                   [Init: 1]
Sun 12:12: INFO    : 	ManagerConfiguration.build.mpprRetryMissesThrshld = 0                                                            [Init: 0]
Sun 12:12: INFO    : 	ManagerConfiguration.build.optGoal = BALANCED                                                                    [Init: BALANCED]
Sun 12:12: INFO    : 	ManagerConfiguration.build.physSynthAsyncPipelining = AUTO                                                       [Init: AUTO]
Sun 12:12: INFO    : 	ManagerConfiguration.build.physSynthCombLogic = AUTO                                                             [Init: AUTO]
Sun 12:12: INFO    : 	ManagerConfiguration.build.physSynthCombLogicForArea = AUTO                                                      [Init: AUTO]
Sun 12:12: INFO    : 	ManagerConfiguration.build.physSynthEffort = AUTO                                                                [Init: AUTO]
Sun 12:12: INFO    : 	ManagerConfiguration.build.physSynthRegDuplication = AUTO                                                        [Init: AUTO]
Sun 12:12: INFO    : 	ManagerConfiguration.build.physSynthRetiming = AUTO                                                              [Init: AUTO]
Sun 12:12: INFO    : 	ManagerConfiguration.build.physicalSynthesis = false                                                             [Init: false]
Sun 12:12: INFO    : 	ManagerConfiguration.buildTarget = DFE_SIM                                                                       [Init: null, init: DFE_SIM]
Sun 12:12: INFO    : 	ManagerConfiguration.debug.chipscopeCaptureDepth = 4096                                                          [Init: 4096]
Sun 12:12: INFO    : 	ManagerConfiguration.debug.fifoUnderOverFlowRegs = false                                                         [Init: false]
Sun 12:12: INFO    : 	ManagerConfiguration.debug.memCtlDebugRegs = true                                                                [Init: true]
Sun 12:12: INFO    : 	ManagerConfiguration.debug.memCtlExtraDebugRegs = false                                                          [Init: false]
Sun 12:12: INFO    : 	ManagerConfiguration.debug.memMarginingSupport = false                                                           [Init: false]
Sun 12:12: INFO    : 	ManagerConfiguration.debug.memPhyDebugRegister = NONE                                                            [Init: NONE]
Sun 12:12: INFO    : 	ManagerConfiguration.debug.memPllLockDebugRegs = true                                                            [Init: true]
Sun 12:12: INFO    : 	ManagerConfiguration.debug.streamStatus = false                                                                  [Init: false]
Sun 12:12: INFO    : 	ManagerConfiguration.debug.streamStatusChecksums = false                                                         [Init: false]
Sun 12:12: INFO    : 	ManagerConfiguration.dram.addressGeneratorsInSlowClock = false                                                   [Init: false]
Sun 12:12: INFO    : 	ManagerConfiguration.dram.arbitrationMode = ROUND_ROBIN                                                          [Init: ROUND_ROBIN]
Sun 12:12: INFO    : 	ManagerConfiguration.dram.burstSize = 8                                                                          [Init: 8]
Sun 12:12: INFO    : 	ManagerConfiguration.dram.cmdFifoInReg = false                                                                   [Init: false]
Sun 12:12: INFO    : 	ManagerConfiguration.dram.cmdFifoLutRam = false                                                                  [Init: false]
Sun 12:12: INFO    : 	ManagerConfiguration.dram.cmdFifoRegInRam = true                                                                 [Init: true]
Sun 12:12: INFO    : 	ManagerConfiguration.dram.cmdFifoSize = 31                                                                       [Init: 31]
Sun 12:12: INFO    : 	ManagerConfiguration.dram.commandEchoModeEnabled = false                                                         [Init: false]
Sun 12:12: INFO    : 	ManagerConfiguration.dram.commandEchoModeFifoDepth = 512                                                         [Init: 512]
Sun 12:12: INFO    : 	ManagerConfiguration.dram.commandEchoModeStreamAlmostEmptyLatency = 792                                          [Init: 792]
Sun 12:12: INFO    : 	ManagerConfiguration.dram.commandEchoModeStreamAlmostEmptyLatency = 8                                            [Init: 8]
Sun 12:12: INFO    : 	ManagerConfiguration.dram.commandEchoModeStreamStallLatency = 8                                                  [Init: 8]
Sun 12:12: INFO    : 	ManagerConfiguration.dram.dataFifoDepth = 512                                                                    [Init: 512]
Sun 12:12: INFO    : 	ManagerConfiguration.dram.dataFifoLutRam = false                                                                 [Init: false]
Sun 12:12: INFO    : 	ManagerConfiguration.dram.dataFifoWidth = 792                                                                    [Init: 792]
Sun 12:12: INFO    : 	ManagerConfiguration.dram.eccMode = false                                                                        [Init: false]
Sun 12:12: INFO    : 	ManagerConfiguration.dram.fabricDataFifoReg = true                                                               [Init: true]
Sun 12:12: INFO    : 	ManagerConfiguration.dram.fabricRdDataFifoReg = false                                                            [Init: false]
Sun 12:12: INFO    : 	ManagerConfiguration.dram.flagSupport = false                                                                    [Init: false]
Sun 12:12: INFO    : 	ManagerConfiguration.dram.highPrioStream = false                                                                 [Init: false]
Sun 12:12: INFO    : 	ManagerConfiguration.dram.max2CompatMode = false                                                                 [Init: false]
Sun 12:12: INFO    : 	ManagerConfiguration.dram.max4m_GALAVA_MCP_UseRefClk = false                                                     [Init: false]
Sun 12:12: INFO    : 	ManagerConfiguration.dram.max4m_MAIA_MCP_UseRefClk = false                                                       [Init: false]
Sun 12:12: INFO    : 	ManagerConfiguration.dram.max4qrateMode = false                                                                  [Init: false]
Sun 12:12: INFO    : 	ManagerConfiguration.dram.memCmdIncSize = 8                                                                      [Init: 8]
Sun 12:12: INFO    : 	ManagerConfiguration.dram.memCmdStartAddrSize = 32                                                               [Init: 32]
Sun 12:12: INFO    : 	ManagerConfiguration.dram.onCardMemFreq = 303.0                                                                  [Init: 0.0, change: 303.0]
Sun 12:12: INFO    : 	ManagerConfiguration.dram.parEccDebugStream = false                                                              [Init: false]
Sun 12:12: INFO    : 	ManagerConfiguration.dram.parityEccWidth = 0                                                                     [Init: 0]
Sun 12:12: INFO    : 	ManagerConfiguration.dram.parityMode = false                                                                     [Init: false]
Sun 12:12: INFO    : 	ManagerConfiguration.dram.perdqsPhaseDetect = false                                                              [Init: false]
Sun 12:12: INFO    : 	ManagerConfiguration.dram.performanceMode = true                                                                 [Init: true]
Sun 12:12: INFO    : 	ManagerConfiguration.enableMPCX = false                                                                          [Init: false, init: false]
Sun 12:12: INFO    : 	ManagerConfiguration.maxring.maxringConnections = []                                                             [Init: []]
Sun 12:12: INFO    : 	ManagerConfiguration.maxring.maxringNumLanes = {MAXRING_LITE_A=1, MAXRING_B=2, MAXRING_A=2, MAXRING_LITE_B=1}    [Init: {}]
Sun 12:12: INFO    : 	ManagerConfiguration.multiCycleMappedMemoryBus = false                                                           [Init: false]
Sun 12:12: INFO    : 	ManagerConfiguration.network.qsfp0Mode = QSFP_OFF                                                                [Init: QSFP_OFF]
Sun 12:12: INFO    : 	ManagerConfiguration.network.qsfp1Mode = QSFP_OFF                                                                [Init: QSFP_OFF]
Sun 12:12: INFO    : 	ManagerConfiguration.network.qsfp2Mode = QSFP_OFF                                                                [Init: QSFP_OFF]
Sun 12:12: INFO    : 	ManagerConfiguration.network.qsfp3Mode = QSFP_OFF                                                                [Init: QSFP_OFF]
Sun 12:12: INFO    : 	ManagerConfiguration.network.qsfp4Mode = QSFP_OFF                                                                [Init: QSFP_OFF]
Sun 12:12: INFO    : 	ManagerConfiguration.network.qsfp5Mode = QSFP_OFF                                                                [Init: QSFP_OFF]
Sun 12:12: INFO    : 	ManagerConfiguration.network.qsfp6Mode = QSFP_OFF                                                                [Init: QSFP_OFF]
Sun 12:12: INFO    : 	ManagerConfiguration.network.qsfp7Mode = QSFP_OFF                                                                [Init: QSFP_OFF]
Sun 12:12: INFO    : 	ManagerConfiguration.pcie.numPCIeLanes = 0                                                                       [Init: 0]
Sun 12:12: INFO    : 	ManagerConfiguration.pcie.pcieFastClock = false                                                                  [Init: false]
Sun 12:12: INFO    : 	ManagerConfiguration.pcie.streamFromHostMaxNum = 8                                                               [Init: 0, change: 8]
Sun 12:12: INFO    : 	ManagerConfiguration.pcie.streamToHostMaxNum = 8                                                                 [Init: 0, change: 8]
Sun 12:12: INFO    : 	ManagerConfiguration.persona.boardModel = MAX3424A                                                               [Init: null, change: MAX3424A]
Sun 12:12: INFO    : 	ManagerConfiguration.persona.ddr3Enable = false                                                                  [Init: false]
Sun 12:12: INFO    : 	ManagerConfiguration.persona.ddr3Frq = 303.0                                                                     [Init: 400.0, change: 303.0]
Sun 12:12: INFO    : 	ManagerConfiguration.persona.ddr3Qmode = false                                                                   [Init: false]
Sun 12:12: INFO    : 	ManagerConfiguration.persona.disableMultiplePersona = true                                                       [Init: true]
Sun 12:12: INFO    : 	ManagerConfiguration.persona.dynamic_scaling = false                                                             [Init: false]
Sun 12:12: INFO    : 	ManagerConfiguration.persona.enableCPLDOverrideOutpus = false                                                    [Init: false]
Sun 12:12: INFO    : 	ManagerConfiguration.persona.enableJDFEPTPTestLogic = false                                                      [Init: false]
Sun 12:12: INFO    : 	ManagerConfiguration.persona.maxRingLocal = false                                                                [Init: false]
Sun 12:12: INFO    : 	ManagerConfiguration.persona.maxRingOptical = false                                                              [Init: false]
Sun 12:12: INFO    : 	ManagerConfiguration.persona.maxringDataRate = 2500.0                                                            [Init: 2500.0]
Sun 12:12: INFO    : 	ManagerConfiguration.persona.maxringOpticalDataRate = 10000.0                                                    [Init: 10000.0]
Sun 12:12: INFO    : 	ManagerConfiguration.persona.mode = InitMode                                                                     [Init: InitMode]
Sun 12:12: INFO    : 	ManagerConfiguration.persona.networkPTP = OFF                                                                    [Init: OFF]
Sun 12:12: INFO    : 	ManagerConfiguration.persona.panMaxRingA = false                                                                 [Init: false]
Sun 12:12: INFO    : 	ManagerConfiguration.persona.panMaxRingB = false                                                                 [Init: false]
Sun 12:12: INFO    : 	ManagerConfiguration.persona.personaInterfaceVersion = 1                                                         [Init: 1]
Sun 12:12: INFO    : 	ManagerConfiguration.persona.qdr2Enable = false                                                                  [Init: false]
Sun 12:12: INFO    : 	ManagerConfiguration.persona.qdr2Frq = 350.0                                                                     [Init: 350.0]
Sun 12:12: INFO    : 	ManagerConfiguration.persona.streamClks = 1                                                                      [Init: 1]
Sun 12:12: INFO    : 	ManagerConfiguration.persona.streamFrq = [100.0]                                                                 [Init: [150.0], change: [100.0]]
Sun 12:12: INFO    : 	ManagerConfiguration.persona.streamPs = [0]                                                                      [Init: [0]]
Sun 12:12: INFO    : 	ManagerConfiguration.persona.usePCIeGen1 = false                                                                 [Init: false]
Sun 12:12: INFO    : 	ManagerConfiguration.simulation.nativeFloatingPoint = false                                                      [Init: false]
Sun 12:12: INFO    : 	ManagerConfiguration.streamClockFrq = 100                                                                        [Init: 100]
Sun 12:12: INFO    : 	ManagerConfiguration.useLegacyStreamFIFOs = false                                                                [Init: false]
Sun 12:12: INFO    : 
Sun 12:12: INFO    :  -- 
Sun 12:12: PROGRESS: 
Sun 12:12: PROGRESS: Compiling kernel "MeanSolutionKernel"
Sun 12:12: INFO    : Configuration:
Sun 12:12: INFO    : 	KernelConfiguration.additionalInputPipelining = 64                                          [Init: 64]
Sun 12:12: INFO    : 	KernelConfiguration.allowDSPCascading = true                                                [Init: true]
Sun 12:12: INFO    : 	KernelConfiguration.allowInputsOutputsBeforeFlushNode = false                               [Init: false]
Sun 12:12: INFO    : 	KernelConfiguration.allowZeroLatencyNodeHold = false                                        [Init: false]
Sun 12:12: INFO    : 	KernelConfiguration.board = MAX3424A                                                        [Init: MAX2116B, change: MAX3424A]
Sun 12:12: INFO    : 	KernelConfiguration.bramBitsThreshold = 2080                                                [Init: 2080]
Sun 12:12: INFO    : 	KernelConfiguration.buildTarget = MAXCOMPILERSIM_HOST_DRIVEN                                [Init: NONE, change: MAXCOMPILERSIM_HOST_DRIVEN]
Sun 12:12: INFO    : 	KernelConfiguration.cePipelining = 2                                                        [Init: 2]
Sun 12:12: INFO    : 	KernelConfiguration.clockPhaseBalanceThreshold = 0.1                                        [Init: 0.1]
Sun 12:12: INFO    : 	KernelConfiguration.clockPhasingRetries = 50                                                [Init: 50]
Sun 12:12: INFO    : 	KernelConfiguration.dumpNeighboursString =                                                  [Init: ]
Sun 12:12: INFO    : 	KernelConfiguration.enableCeReplication = true                                              [Init: true]
Sun 12:12: INFO    : 	KernelConfiguration.enableClockPhasePartitioning = false                                    [Init: false]
Sun 12:12: INFO    : 	KernelConfiguration.enableDebugIOControlRegs = true                                         [Init: true]
Sun 12:12: INFO    : 	KernelConfiguration.enableDummyBuild = false                                                [Init: false]
Sun 12:12: INFO    : 	KernelConfiguration.enableKernelProfiler = false                                            [Init: false]
Sun 12:12: INFO    : 	KernelConfiguration.enablePipelinedComputeController = false                                [Init: false]
Sun 12:12: INFO    : 	KernelConfiguration.enableShadowRegister = false                                            [Init: false]
Sun 12:12: INFO    : 	KernelConfiguration.enableSmartKernelControl = false                                        [Init: false]
Sun 12:12: INFO    : 	KernelConfiguration.fifoSrlRegisterStages = 1                                               [Init: 1]
Sun 12:12: INFO    : 	KernelConfiguration.flushOnInputDataCongtiguous = false                                     [Init: false]
Sun 12:12: INFO    : 	KernelConfiguration.hardwareDebugDepth = 512                                                [Init: 512]
Sun 12:12: INFO    : 	KernelConfiguration.hwHierarchyMode = UNSET                                                 [Init: UNSET]
Sun 12:12: INFO    : 	KernelConfiguration.latencyAnnotation = false                                               [Init: false]
Sun 12:12: INFO    : 	KernelConfiguration.latencyAnnotationIOs =                                                  [Init: null]
Sun 12:12: INFO    : 	KernelConfiguration.maxCoalescedFifoWidth = 2147483647                                      [Init: 2147483647]
Sun 12:12: INFO    : 	KernelConfiguration.maxPreAdderFanOut = 1                                                   [Init: 1]
Sun 12:12: INFO    : 	KernelConfiguration.netlistMode = false                                                     [Init: false]
Sun 12:12: INFO    : 	KernelConfiguration.numPhotonStateMachines = 1                                              [Init: 1]
Sun 12:12: INFO    : 	KernelConfiguration.optimizations.ceCounterRegisterDuplication = 1                          [Init: 1]
Sun 12:12: INFO    : 	KernelConfiguration.optimizations.conditionalArithmetic = false                             [Init: true, Init after BuildTarget change: false]
Sun 12:12: INFO    : 	KernelConfiguration.optimizations.counterChainWrapPipelining = 0                            [Init: 0]
Sun 12:12: INFO    : 	KernelConfiguration.optimizations.dspAddChain = OPTIMISE_IGNORE_PREADDER                    [Init: null, Init after BuildTarget change: OPTIMISE_IGNORE_PREADDER]
Sun 12:12: INFO    : 	KernelConfiguration.optimizations.enableActiveFanoutReduction = false                       [Init: false]
Sun 12:12: INFO    : 	KernelConfiguration.optimizations.enableBUFGCE = false                                      [Init: false]
Sun 12:12: INFO    : 	KernelConfiguration.optimizations.enableBetterInputRegistering = false                      [Init: false]
Sun 12:12: INFO    : 	KernelConfiguration.optimizations.enableBetterRegistering = false                           [Init: false]
Sun 12:12: INFO    : 	KernelConfiguration.optimizations.enableFIFOCoalescingAcrossPlacementConstraints = false    [Init: false]
Sun 12:12: INFO    : 	KernelConfiguration.optimizations.enableFifoCoalescing = true                               [Init: true]
Sun 12:12: INFO    : 	KernelConfiguration.optimizations.enableFullPrecisionBinaryOpConstants = false              [Init: false]
Sun 12:12: INFO    : 	KernelConfiguration.optimizations.enableIntegratedRounding = false                          [Init: false]
Sun 12:12: INFO    : 	KernelConfiguration.optimizations.enableMappedMemoryHostReadBack = true                     [Init: true]
Sun 12:12: INFO    : 	KernelConfiguration.optimizations.enableMultiCycleReset = false                             [Init: false]
Sun 12:12: INFO    : 	KernelConfiguration.optimizations.enablePowerTwoFloatMult = true                            [Init: true]
Sun 12:12: INFO    : 	KernelConfiguration.optimizations.enableRedundantNodeDeletion = true                        [Init: true]
Sun 12:12: INFO    : 	KernelConfiguration.optimizations.enableStateMachineRegisterMerging = true                  [Init: true]
Sun 12:12: INFO    : 	KernelConfiguration.optimizations.inputFlushDistanceFactor = 0                              [Init: 0]
Sun 12:12: INFO    : 	KernelConfiguration.optimizations.minimumStaticFIFOSplitDepth = 1                           [Init: 1]
Sun 12:12: INFO    : 	KernelConfiguration.optimizations.optimizationTechnique = DEFAULT                           [Init: DEFAULT]
Sun 12:12: INFO    : 	KernelConfiguration.optimizations.triAdd = false                                            [Init: true, Init after BuildTarget change: false]
Sun 12:12: INFO    : 	KernelConfiguration.partialReconfBlockName =                                                [Init: ]
Sun 12:12: INFO    : 	KernelConfiguration.partialReconfMode = false                                               [Init: false]
Sun 12:12: INFO    : 	KernelConfiguration.partialReconfTemplate = false                                           [Init: false]
Sun 12:12: INFO    : 	KernelConfiguration.replicateNodeCeLog2NumPartitions = 0                                    [Init: 0]
Sun 12:12: INFO    : 	KernelConfiguration.romBRAMBitsThreshold = 2080                                             [Init: 2080]
Sun 12:12: INFO    : 	KernelConfiguration.simulation.ramAddressCollisionBehaviour = EXCEPTION                     [Init: EXCEPTION]
Sun 12:12: INFO    : 	KernelConfiguration.simulation.ramOutOfBoundsAccessBehaviour = EXCEPTION                    [Init: EXCEPTION]
Sun 12:12: INFO    : 	KernelConfiguration.simulation.simProgressMessageFrequency = 0                              [Init: 0]
Sun 12:12: INFO    : 
Sun 12:12: INFO    :  -- 
Sun 12:12: INFO    : Writing current graph to: MeanSolution-MeanSolutionKernel-original.pxg
Sun 12:12: INFO    : Running kernel graph-pass 'GeneratePXG'.
Sun 12:12: INFO    : Graph-pass 'GeneratePXG' took 158.269 ms (1 iterations)
Sun 12:12: INFO    : Running kernel graph-pass 'MarkConstantPass'.
Sun 12:12: INFO    : Graph-pass 'MarkConstantPass' took 2.26882 ms (1 iterations)
Sun 12:12: INFO    : Running kernel graph-pass 'ReachabilityPass'.
Sun 12:12: INFO    : Graph-pass 'ReachabilityPass' took 4.00227 ms (1 iterations)
Sun 12:12: INFO    : Running kernel graph-pass 'FindInputsLeadingToFlush'.
Sun 12:12: INFO    : Graph-pass 'FindInputsLeadingToFlush' took 106.943 ?s (1 iterations)
Sun 12:12: INFO    : Running kernel graph-pass 'CheckForStatefulToFlushViolations'.
Sun 12:12: INFO    : Graph-pass 'CheckForStatefulToFlushViolations' took 368.510 ?s (1 iterations)
Sun 12:12: INFO    : Running kernel graph-pass 'CheckForInputToFlushViolations'.
Sun 12:12: INFO    : Graph-pass 'CheckForInputToFlushViolations' took 874.457 ?s (1 iterations)
Sun 12:12: INFO    : Not deleting directory (does not exist): neighbours
Sun 12:12: INFO    : Running Photon pre-schedule graph optimisations
Sun 12:12: INFO    : Running kernel graph-pass 'AlignOrEradicatePrintfs'.
Sun 12:12: INFO    : Graph-pass 'AlignOrEradicatePrintfs' took 150.278 ?s (1 iterations)
Sun 12:12: INFO    : Running kernel graph-pass 'FoldConstantsPass'.
Sun 12:12: INFO    : Graph-pass 'FoldConstantsPass' took 1.12486 ms (1 iterations)
Sun 12:12: INFO    : Running kernel graph-pass 'OptimiseNodesPass'.
Sun 12:12: INFO    : Graph-pass 'OptimiseNodesPass' took 16.4078 ms (2 iterations)
Sun 12:12: INFO    : Running kernel graph-pass 'DeleteRedundantNodes'.
Sun 12:12: INFO    : Graph-pass 'DeleteRedundantNodes' took 295.435 ?s (1 iterations)
Sun 12:12: INFO    : Running kernel graph-pass 'DSPMultiplyAddExtractionPass'.
Sun 12:12: INFO    : Optimized 0 sub-graphs into DSP multiply/add chains (Virtex5 mode).
Sun 12:12: INFO    : Graph-pass 'DSPMultiplyAddExtractionPass' took 15.3087 ms (1 iterations)
Sun 12:12: INFO    : Running kernel graph-pass 'PO2FPMultOptimiser'.
Sun 12:12: INFO    : Graph-pass 'PO2FPMultOptimiser' took 207.946 ?s (1 iterations)
Sun 12:12: INFO    : Running Photon simulation preparation
Sun 12:12: INFO    : Running kernel graph-pass 'PrepareSimulationPass'.
Sun 12:12: INFO    : Graph-pass 'PrepareSimulationPass' took 160.773 ?s (1 iterations)
Sun 12:12: INFO    : Logging Photon stats to: MeanSolutionKernel_photon_stats.csv
Sun 12:12: INFO    : Running kernel graph-pass 'StatsPass'.
Sun 12:12: INFO    : Graph-pass 'StatsPass' took 1.80584 ms (1 iterations)
Sun 12:12: INFO    : Running kernel graph-pass 'CollectNumericExceptions'.
Sun 12:12: INFO    : Graph-pass 'CollectNumericExceptions' took 155.056 ?s (1 iterations)
Sun 12:12: INFO    : Running kernel graph-pass 'StreamOffsetDivExpand'.
Sun 12:12: INFO    : Graph-pass 'StreamOffsetDivExpand' took 201.806 ?s (1 iterations)
Sun 12:12: INFO    : Running kernel graph-pass 'FindIllegalLoops'.
Sun 12:12: INFO    : Graph-pass 'FindIllegalLoops' took 871.348 ?s (1 iterations)
Sun 12:12: INFO    : Running kernel graph-pass 'MarkConstantPass'.
Sun 12:12: INFO    : Graph-pass 'MarkConstantPass' took 296.678 ?s (1 iterations)
Sun 12:12: INFO    : Running kernel graph-pass 'ScheduleVariables'.
Sun 12:12: INFO    : Graph-pass 'ScheduleVariables' took 3.42995 ms (1 iterations)
Sun 12:12: INFO    : Running kernel graph-pass 'SubstituteEqPlaceholders'.
Sun 12:12: INFO    : Graph-pass 'SubstituteEqPlaceholders' took 144.247 ?s (1 iterations)
Sun 12:12: INFO    : Running kernel graph-pass 'ScheduleApplier'.
Sun 12:12: INFO    : Graph-pass 'ScheduleApplier' took 2.22180 ms (1 iterations)
Sun 12:12: INFO    : Running kernel graph-pass 'MarkConstantPass'.
Sun 12:12: INFO    : Graph-pass 'MarkConstantPass' took 311.108 ?s (1 iterations)
Sun 12:12: INFO    : Running kernel graph-pass 'ScheduleDumper'.
Sun 12:12: INFO    : Graph-pass 'ScheduleDumper' took 1.72222 ms (1 iterations)
Sun 12:12: INFO    : Running Photon post-schedule graph optimisations (pass 1)
Sun 12:12: INFO    : Running kernel graph-pass 'TapFIFOsPass'.
Sun 12:12: INFO    : Graph-pass 'TapFIFOsPass' took 1.13483 ms (1 iterations)
Sun 12:12: INFO    : Running kernel graph-pass 'FoldFIFOsPass'.
Sun 12:12: INFO    : Graph-pass 'FoldFIFOsPass' took 374.798 ?s (1 iterations)
Sun 12:12: INFO    : Running kernel graph-pass 'MarkConstantPass'.
Sun 12:12: INFO    : Graph-pass 'MarkConstantPass' took 350.890 ?s (1 iterations)
Sun 12:12: INFO    : Running kernel graph-pass 'ValidateFIFOs'.
Sun 12:12: INFO    : Graph-pass 'ValidateFIFOs' took 142.837 ?s (1 iterations)
Sun 12:12: INFO    : Running kernel graph-pass 'MarkConstantPass'.
Sun 12:12: INFO    : Graph-pass 'MarkConstantPass' took 330.949 ?s (1 iterations)
Sun 12:12: INFO    : Running kernel graph-pass 'ScheduleDumper'.
Sun 12:12: INFO    : Graph-pass 'ScheduleDumper' took 1.38995 ms (1 iterations)
Sun 12:12: INFO    : Running kernel graph-pass 'MarkConstantPass'.
Sun 12:12: INFO    : Graph-pass 'MarkConstantPass' took 296.623 ?s (1 iterations)
Sun 12:12: INFO    : Running kernel graph-pass 'ScheduleConstants'.
Sun 12:12: INFO    : Running command: "/opt/maxcompiler//bin/cbc" "MeanSolutionKernel_schedule_C.mps.gz" -threads 4 -solve  -printi csv -solu "MeanSolutionKernel_schedule_C.csv" > "MeanSolutionKernel_schedule_C.stdout.log"
Sun 12:12: INFO    : Optimum found: 16448
Sun 12:12: INFO    : Graph-pass 'ScheduleConstants' took 72.6858 ms (1 iterations)
Sun 12:12: INFO    : Running kernel graph-pass 'MarkConstantPass'.
Sun 12:12: INFO    : Graph-pass 'MarkConstantPass' took 410.514 ?s (1 iterations)
Sun 12:12: INFO    : Running kernel graph-pass 'ScheduleDumper'.
Sun 12:12: INFO    : Graph-pass 'ScheduleDumper' took 1.81328 ms (1 iterations)
Sun 12:12: INFO    : Running kernel graph-pass 'SubstituteEqPlaceholders'.
Sun 12:12: INFO    : Graph-pass 'SubstituteEqPlaceholders' took 147.436 ?s (1 iterations)
Sun 12:12: INFO    : Running kernel graph-pass 'RemoveDistMeasurementNodes'.
Sun 12:12: INFO    : Graph-pass 'RemoveDistMeasurementNodes' took 16.2090 ?s (1 iterations)
Sun 12:12: INFO    : Running kernel graph-pass 'ScheduleApplier'.
Sun 12:12: INFO    : Graph-pass 'ScheduleApplier' took 42.0331 ms (1 iterations)
Sun 12:12: INFO    : Maximum stream latency for kernel 'MeanSolutionKernel': 521
Sun 12:12: INFO    : Using user logic for flush.
Sun 12:12: INFO    : Running Photon post-schedule graph optimisations (pass 2)
Sun 12:12: INFO    : Running kernel graph-pass 'TapFIFOsPass'.
Sun 12:12: INFO    : Graph-pass 'TapFIFOsPass' took 28.3553 ms (2 iterations)
Sun 12:12: INFO    : Running kernel graph-pass 'FoldFIFOsPass'.
Sun 12:12: INFO    : Graph-pass 'FoldFIFOsPass' took 652.545 ?s (1 iterations)
Sun 12:12: INFO    : Running kernel graph-pass 'MarkConstantPass'.
Sun 12:12: INFO    : Graph-pass 'MarkConstantPass' took 422.472 ?s (1 iterations)
Sun 12:12: INFO    : Running kernel graph-pass 'ScheduleAsserter'.
Sun 12:12: INFO    : Graph-pass 'ScheduleAsserter' took 992.916 ?s (1 iterations)
Sun 12:12: INFO    : Running kernel graph-pass 'ReplaceEvalStreamOffsetNodes'.
Sun 12:12: INFO    : Graph-pass 'ReplaceEvalStreamOffsetNodes' took 161.334 ?s (1 iterations)
Sun 12:12: INFO    : Running kernel graph-pass 'FIFOReport'.
Sun 12:12: INFO    : Graph-pass 'FIFOReport' took 2.13068 ms (1 iterations)
Sun 12:12: INFO    : Running kernel graph-pass 'StatsPass'.
Sun 12:12: INFO    : Graph-pass 'StatsPass' took 1.29008 ms (1 iterations)
Sun 12:12: INFO    : Running kernel graph-pass 'RemoveUntypedConstants'.
Sun 12:12: INFO    : Graph-pass 'RemoveUntypedConstants' took 18.1849 ms (1 iterations)
Sun 12:12: INFO    : Running kernel graph-pass 'VariableSizeMappedRegInserter'.
Sun 12:12: INFO    : Graph-pass 'VariableSizeMappedRegInserter' took 153.009 ?s (1 iterations)
Sun 12:12: INFO    : Running kernel graph-pass 'MarkConstantPass'.
Sun 12:12: INFO    : Graph-pass 'MarkConstantPass' took 372.262 ?s (1 iterations)
Sun 12:12: INFO    : Running kernel graph-pass 'MakeMaxFileNodeData'.
Sun 12:12: INFO    : Graph-pass 'MakeMaxFileNodeData' took 3.53302 ms (1 iterations)
Sun 12:12: INFO    : Running kernel graph-pass 'MoveFanoutRegsForwards'.
Sun 12:12: INFO    : Graph-pass 'MoveFanoutRegsForwards' took 154.183 ?s (1 iterations)
Sun 12:12: INFO    : Optimization report for Kernel 'MeanSolutionKernel'.
Sun 12:12: INFO    : Enabled optimizations:
Sun 12:12: INFO    : 	DSP-Multiplication
Sun 12:12: INFO    : 	Power-of-2 Floating Point
Sun 12:12: INFO    : Creating a preliminary MaxCompilerDesignData.dat. (@ CoreCompile MeanSolutionKernel)
Sun 12:12: INFO    : Total compilation of 'MeanSolutionKernel' took 537.555 ms.
Sun 12:12: INFO    : Running kernel graph-pass 'MarkConstantPass'.
Sun 12:12: INFO    : Graph-pass 'MarkConstantPass' took 287.301 ?s (1 iterations)
Sun 12:12: INFO    : Running kernel graph-pass 'MaxConstantLatency'.
Sun 12:12: INFO    : Graph-pass 'MaxConstantLatency' took 699.111 ?s (1 iterations)
Sun 12:12: INFO    : Running kernel graph-pass 'SimCodeGraphPass'.
Sun 12:12: INFO    : Graph-pass 'SimCodeGraphPass' took 15.0767 ms (1 iterations)
Sun 12:12: INFO    : Writing current graph to: MeanSolution-MeanSolutionKernel-final-simulation.pxg
Sun 12:12: INFO    : Running kernel graph-pass 'GeneratePXG'.
Sun 12:12: INFO    : Graph-pass 'GeneratePXG' took 29.9496 ms (1 iterations)
Sun 12:12: INFO    : Running manager compiler graph-pass: GenerateMXGInfo
Sun 12:12: INFO    : Running manager compiler graph-pass: ScheduleStallLatency
Sun 12:12: INFO    : Running manager compiler graph-pass: ClockWidthAssignment
Sun 12:12: INFO    : Running manager compiler graph-pass: InsertDualAspectLogic
Sun 12:12: INFO    : Running manager compiler graph-pass: ClockWidthAssignment
Sun 12:12: INFO    : Running manager compiler graph-pass: InsertPullPushAdapter
Sun 12:12: INFO    : Running manager compiler graph-pass: ClockWidthAssignment
Sun 12:12: INFO    : Running manager compiler graph-pass: InsertStreamFifos
Sun 12:12: INFO    : Running manager compiler graph-pass: ClockWidthAssignment
Sun 12:12: INFO    : Running manager compiler graph-pass: InsertStreamStatus
Sun 12:12: INFO    : Running manager compiler graph-pass: InsertChipscope
Sun 12:12: INFO    : Inserted 0 chipscope manager nodes.
Sun 12:12: INFO    : Running manager compiler graph-pass: ClockWidthAssignment
Sun 12:12: INFO    : Running manager compiler graph-pass: ReportClockAssignments
Sun 12:12: INFO    : Running manager compiler graph-pass: BuildSoftwareSim
Sun 12:12: INFO    : Mapped register report:
Sun 12:12: INFO    : 	0	io_inImage_force_disabled	1bytes
Sun 12:12: INFO    : 	1	io_outImage_force_disabled	1bytes
Sun 12:12: INFO    : 	2	run_cycle_count	6bytes
Sun 12:12: INFO    : 	8	current_run_cycle_count	6bytes
Sun 12:12: INFO    : 	e	dbg_ctld_almost_empty	1bytes
Sun 12:12: INFO    : 	f	dbg_ctld_done	1bytes
Sun 12:12: INFO    : 	10	dbg_ctld_empty	1bytes
Sun 12:12: INFO    : 	11	dbg_ctld_read	1bytes
Sun 12:12: INFO    : 	12	dbg_ctld_read_pipe_dbg	1bytes
Sun 12:12: INFO    : 	13	dbg_ctld_request	1bytes
Sun 12:12: INFO    : 	14	dbg_done_out	1bytes
Sun 12:12: INFO    : 	15	dbg_fill_level	2bytes
Sun 12:12: INFO    : 	17	dbg_flush_level	2bytes
Sun 12:12: INFO    : 	19	dbg_flush_start	1bytes
Sun 12:12: INFO    : 	1a	dbg_flush_start_level	2bytes
Sun 12:12: INFO    : 	1c	dbg_flushing	1bytes
Sun 12:12: INFO    : 	1d	dbg_full_level	2bytes
Sun 12:12: INFO    : 	1f	dbg_out_stall	1bytes
Sun 12:12: INFO    : 	20	dbg_out_valid	1bytes
Sun 12:12: INFO    : 	21	dbg_stall_vector	1bytes
Sun 12:12: INFO    : 	22	ifpga_ctrl	1bytes
Sun 12:12: INFO    : 	23	SFA_FORWARD_EN	4bytes
Sun 12:12: INFO    : Mapped register chain length = 39
Sun 12:12: INFO    : Mapped register efficiency = 0.62 (192 / 312 bits)
Sun 12:12: INFO    : Mapped memory report:
Sun 12:12: INFO    : 	No mapped memories in this design.
Sun 12:12: INFO    : Running manager compiler graph-pass: GenerateMXGInfo
Sun 12:12: INFO    : Running manager compiler graph-pass: GenerateSlicHostCode
Sun 12:12: INFO    : Generating SLIC interface information
Sun 12:12: INFO    : Generating SLIC code for interface 'default'
Sun 12:12: INFO    : Skipping blacklisted scalar parameter 'MeanSolutionKernel.current_run_cycle_count'
Sun 12:12: INFO    : Interface 'default' depends on parameter 'size'
Sun 12:12: INFO    : Generating XML description for Maxfile
Sun 12:12: INFO    : Generating XML description for mode 'default'
Sun 12:12: INFO    : Skipping blacklisted scalar parameter 'MeanSolutionKernel.current_run_cycle_count'
Sun 12:12: INFO    : Interface 'default' depends on parameter 'size'
Sun 12:12: INFO    : Adding SLIC sections to the maxfile
Sun 12:12: INFO    : Adding user files to the maxfile
Sun 12:12: INFO    : Generating SLIC include file
Sun 12:12: INFO    : Done generating SLIC interface information
Sun 12:12: PROGRESS: Running back-end simulation build (3 phases)
Sun 12:12: PROGRESS: (1/3) - Prepare MaxFile Data (GenerateMaxFileDataFile)
Sun 12:12: INFO    : Build pass 'GenerateMaxFileDataFile' took 12.8195 ms.
Sun 12:12: PROGRESS: (2/3) - Compile Simulation Modules (SimCompilePass)
Sun 12:12: INFO    : Running command: make -j2
Sun 12:12: INFO    : make[3]: Entering directory `/tmp/MeanSolution_VECTIS_DFE_SIM/scratch/software-sim/build'
Sun 12:12: INFO    : mkdir -p objdir
Sun 12:12: INFO    : mkdir -p stdsimheader.h.gch
Sun 12:12: INFO    : /opt/maxcompiler//lib/clang/bin/start.sh clang++ -c -fPIC -B/opt/maxcompiler//lib/gcc -fbracket-depth=1024 -D_GLIBCXX__PTHREADS -D__USE_XOPEN2K8 -O3  -I. -I/opt/maxcompiler//lib/boost/include -I/opt/maxcompiler//lib/maxeleros-sim/include -I/opt/maxcompiler//lib/lwip_sim -I/opt/maxcompiler//lib/lwip_sim/include -I/opt/maxcompiler//lib/lwip_sim/include/arch -I/opt/maxcompiler//lib/lwip_sim/include/ipv4  -DHAVE_KERNELS -DMAXFILE_INC="../../MaxCompilerDesignData.dat" -g0  -DSLIC_NO_DECLARATIONS   -O0 -DOPTIMIZATION_LEVEL=0 -x c++-header \
Sun 12:12: INFO    : 		-o stdsimheader.h.gch/O0_stdsimheader.h.gch stdsimheader.h
Sun 12:12: INFO    : /opt/maxcompiler//lib/clang/bin/start.sh clang++ -c -fPIC -B/opt/maxcompiler//lib/gcc -fbracket-depth=1024 -D_GLIBCXX__PTHREADS -D__USE_XOPEN2K8 -O3  -I. -I/opt/maxcompiler//lib/boost/include -I/opt/maxcompiler//lib/maxeleros-sim/include -I/opt/maxcompiler//lib/lwip_sim -I/opt/maxcompiler//lib/lwip_sim/include -I/opt/maxcompiler//lib/lwip_sim/include/arch -I/opt/maxcompiler//lib/lwip_sim/include/ipv4  -DHAVE_KERNELS -DMAXFILE_INC="../../MaxCompilerDesignData.dat" -g0  -DSLIC_NO_DECLARATIONS   -fno-implicit-templates -O2 -DOPTIMIZATION_LEVEL=2 -x c++-header \
Sun 12:12: INFO    : 		-o stdsimheader.h.gch/NoTplInst_O2_stdsimheader.h.gch stdsimheader.h
Sun 12:12: INFO    : make MeanSolution.so
Sun 12:12: INFO    : make[4]: Entering directory `/tmp/MeanSolution_VECTIS_DFE_SIM/scratch/software-sim/build'
Sun 12:12: INFO    : /opt/maxcompiler//lib/clang/bin/start.sh clang++ -c -fPIC -B/opt/maxcompiler//lib/gcc -fbracket-depth=1024 -D_GLIBCXX__PTHREADS -D__USE_XOPEN2K8 -O3  -I. -I/opt/maxcompiler//lib/boost/include -I/opt/maxcompiler//lib/maxeleros-sim/include -I/opt/maxcompiler//lib/lwip_sim -I/opt/maxcompiler//lib/lwip_sim/include -I/opt/maxcompiler//lib/lwip_sim/include/arch -I/opt/maxcompiler//lib/lwip_sim/include/ipv4  -DHAVE_KERNELS -DMAXFILE_INC="../../MaxCompilerDesignData.dat" -g0  -DSLIC_NO_DECLARATIONS   -fno-implicit-templates -include-pch stdsimheader.h.gch -O2 -DOPTIMIZATION_LEVEL=2 -o objdir/MeanSolutionKernel_exec0.NoTplInst.O2.o MeanSolutionKernel_exec0.cpp
Sun 12:12: INFO    : /opt/maxcompiler//lib/clang/bin/start.sh clang++ -c -fPIC -B/opt/maxcompiler//lib/gcc -fbracket-depth=1024 -D_GLIBCXX__PTHREADS -D__USE_XOPEN2K8 -O3  -I. -I/opt/maxcompiler//lib/boost/include -I/opt/maxcompiler//lib/maxeleros-sim/include -I/opt/maxcompiler//lib/lwip_sim -I/opt/maxcompiler//lib/lwip_sim/include -I/opt/maxcompiler//lib/lwip_sim/include/arch -I/opt/maxcompiler//lib/lwip_sim/include/ipv4  -DHAVE_KERNELS -DMAXFILE_INC="../../MaxCompilerDesignData.dat" -g0  -DSLIC_NO_DECLARATIONS   -include-pch stdsimheader.h.gch -O0 -DOPTIMIZATION_LEVEL=0 -o objdir/MeanSolutionKernel.O0.o MeanSolutionKernel.cpp
Sun 12:12: INFO    : /opt/maxcompiler//lib/clang/bin/start.sh clang++ -fPIC -B/opt/maxcompiler//lib/gcc -fbracket-depth=1024 -D_GLIBCXX__PTHREADS -D__USE_XOPEN2K8 -O3  -I. -I/opt/maxcompiler//lib/boost/include -I/opt/maxcompiler//lib/maxeleros-sim/include -I/opt/maxcompiler//lib/lwip_sim -I/opt/maxcompiler//lib/lwip_sim/include -I/opt/maxcompiler//lib/lwip_sim/include/arch -I/opt/maxcompiler//lib/lwip_sim/include/ipv4  -DHAVE_KERNELS -DMAXFILE_INC="../../MaxCompilerDesignData.dat" -g0  -DSLIC_NO_DECLARATIONS   -MM -MP -MT objdir/MeanSolutionKernel.O0.o \
Sun 12:12: INFO    : 		MeanSolutionKernel.cpp > objdir/MeanSolutionKernel.O0.d
Sun 12:12: INFO    : /opt/maxcompiler//lib/clang/bin/start.sh clang++ -c -fPIC -B/opt/maxcompiler//lib/gcc -fbracket-depth=1024 -D_GLIBCXX__PTHREADS -D__USE_XOPEN2K8 -O3  -I. -I/opt/maxcompiler//lib/boost/include -I/opt/maxcompiler//lib/maxeleros-sim/include -I/opt/maxcompiler//lib/lwip_sim -I/opt/maxcompiler//lib/lwip_sim/include -I/opt/maxcompiler//lib/lwip_sim/include/arch -I/opt/maxcompiler//lib/lwip_sim/include/ipv4  -DHAVE_KERNELS -DMAXFILE_INC="../../MaxCompilerDesignData.dat" -g0  -DSLIC_NO_DECLARATIONS   -include-pch stdsimheader.h.gch -O2 -DOPTIMIZATION_LEVEL=2 -o objdir/MeanSolutionKernel_Templates.O2.o MeanSolutionKernel_Templates.cpp
Sun 12:12: INFO    : /opt/maxcompiler//lib/clang/bin/start.sh clang++ -fPIC -B/opt/maxcompiler//lib/gcc -fbracket-depth=1024 -D_GLIBCXX__PTHREADS -D__USE_XOPEN2K8 -O3  -I. -I/opt/maxcompiler//lib/boost/include -I/opt/maxcompiler//lib/maxeleros-sim/include -I/opt/maxcompiler//lib/lwip_sim -I/opt/maxcompiler//lib/lwip_sim/include -I/opt/maxcompiler//lib/lwip_sim/include/arch -I/opt/maxcompiler//lib/lwip_sim/include/ipv4  -DHAVE_KERNELS -DMAXFILE_INC="../../MaxCompilerDesignData.dat" -g0  -DSLIC_NO_DECLARATIONS   -MM -MP -MT objdir/MeanSolutionKernel_exec0.NoTplInst.O2.o \
Sun 12:12: INFO    : 		MeanSolutionKernel_exec0.cpp > objdir/MeanSolutionKernel_exec0.NoTplInst.O2.d
Sun 12:12: INFO    : /opt/maxcompiler//lib/clang/bin/start.sh clang++ -c -fPIC -B/opt/maxcompiler//lib/gcc -fbracket-depth=1024 -D_GLIBCXX__PTHREADS -D__USE_XOPEN2K8 -O3  -I. -I/opt/maxcompiler//lib/boost/include -I/opt/maxcompiler//lib/maxeleros-sim/include -I/opt/maxcompiler//lib/lwip_sim -I/opt/maxcompiler//lib/lwip_sim/include -I/opt/maxcompiler//lib/lwip_sim/include/arch -I/opt/maxcompiler//lib/lwip_sim/include/ipv4  -DHAVE_KERNELS -DMAXFILE_INC="../../MaxCompilerDesignData.dat" -g0  -DSLIC_NO_DECLARATIONS   -include-pch stdsimheader.h.gch -O0 -DOPTIMIZATION_LEVEL=0 -o objdir/max_msi.O0.o max_msi.cpp
Sun 12:12: INFO    : In file included from max_msi.cpp:19:
Sun 12:12: INFO    : /tmp/MeanSolution_VECTIS_DFE_SIM/scratch/software-sim/build/MaxFile.h:4:9: warning: '_QUOTE' macro redefined [-Wmacro-redefined]
Sun 12:12: INFO    : #define _QUOTE(what) #what
Sun 12:12: INFO    :         ^
Sun 12:12: INFO    : /opt/maxcompiler//lib/maxeleros-sim/include/maxrt_error.h:87:9: note: previous definition is here
Sun 12:12: INFO    : #define _QUOTE(x) #x
Sun 12:12: INFO    :         ^
Sun 12:12: INFO    : 1 warning generated.
Sun 12:12: INFO    : /opt/maxcompiler//lib/clang/bin/start.sh clang++ -fPIC -B/opt/maxcompiler//lib/gcc -fbracket-depth=1024 -D_GLIBCXX__PTHREADS -D__USE_XOPEN2K8 -O3  -I. -I/opt/maxcompiler//lib/boost/include -I/opt/maxcompiler//lib/maxeleros-sim/include -I/opt/maxcompiler//lib/lwip_sim -I/opt/maxcompiler//lib/lwip_sim/include -I/opt/maxcompiler//lib/lwip_sim/include/arch -I/opt/maxcompiler//lib/lwip_sim/include/ipv4  -DHAVE_KERNELS -DMAXFILE_INC="../../MaxCompilerDesignData.dat" -g0  -DSLIC_NO_DECLARATIONS   -MM -MP -MT objdir/max_msi.O0.o \
Sun 12:12: INFO    : 		max_msi.cpp > objdir/max_msi.O0.d
Sun 12:12: INFO    : /opt/maxcompiler//lib/clang/bin/start.sh clang++ -fPIC -B/opt/maxcompiler//lib/gcc -fbracket-depth=1024 -D_GLIBCXX__PTHREADS -D__USE_XOPEN2K8 -O3  -I. -I/opt/maxcompiler//lib/boost/include -I/opt/maxcompiler//lib/maxeleros-sim/include -I/opt/maxcompiler//lib/lwip_sim -I/opt/maxcompiler//lib/lwip_sim/include -I/opt/maxcompiler//lib/lwip_sim/include/arch -I/opt/maxcompiler//lib/lwip_sim/include/ipv4  -DHAVE_KERNELS -DMAXFILE_INC="../../MaxCompilerDesignData.dat" -g0  -DSLIC_NO_DECLARATIONS   -MM -MP -MT objdir/MeanSolutionKernel_Templates.O2.o \
Sun 12:12: INFO    : 		MeanSolutionKernel_Templates.cpp > objdir/MeanSolutionKernel_Templates.O2.d
Sun 12:12: INFO    : /opt/maxcompiler//lib/clang/bin/start.sh clang++ -fPIC -shared -B/opt/maxcompiler//lib/gcc -L/opt/maxcompiler//lib/boost/lib -lboost_thread -lboost_system -lboost_filesystem -lrt -pthread -O2 -s  -o MeanSolution.so objdir/MeanSolutionKernel_exec0.NoTplInst.O2.o objdir/MeanSolutionKernel.O0.o objdir/MeanSolutionKernel_Templates.O2.o objdir/max_msi.O0.o StructToGroupDummy.o Mux.o DualAspectMux.o Demux.o Fanout.o CapRegs.o IFPGARegs.o ChecksumMem.o PCIe.o KernelManagerBlockSync.o DualAspectReg.o PullPushAdapter.o FilePullSource.o max_shared_fifo.o SharedFIFO.o Fifos.o FilePushSink.o SimTerminator.o Watch.o StreamStatus.o RunLengthExpander.o ManagerBlock.o MappedElements.o ManagerSync.o PullSync.o PushSync.o DynamicVarUInt.o SimException.o DebugStreams.o AddressGenerator.o MemoryControllerPro.o MemoryControllerRAM.o MemoryControllerCommand.o MemoryControllerStreams.o MemoryControllerConfig.o TCP.o Ethernet.o Timestamp.o /opt/maxcompiler//lib/lwip_sim/lib/liblwip.a
Sun 12:12: INFO    : make[4]: Leaving directory `/tmp/MeanSolution_VECTIS_DFE_SIM/scratch/software-sim/build'
Sun 12:12: INFO    : make[3]: Leaving directory `/tmp/MeanSolution_VECTIS_DFE_SIM/scratch/software-sim/build'
Sun 12:12: INFO    : Build pass 'SimCompilePass' took 6.46392 s.
Sun 12:12: PROGRESS: (3/3) - Generate MaxFile (AddSimObjectToMaxFilePass)
Sun 12:12: INFO    : Build pass 'AddSimObjectToMaxFilePass' took 197.183 ms.
Sun 12:12: INFO    : Final result files after build: 
Sun 12:12: INFO    : Running command: ln -sf "../scratch/MeanSolution-MeanSolutionKernel-original.pxg"
Sun 12:12: INFO    : MeanSolution-MeanSolutionKernel-original.pxg (BuildFilePXG)
Sun 12:12: INFO    : Running command: ln -sf "../scratch/MeanSolutionKernel_Configuration.txt"
Sun 12:12: INFO    : MeanSolutionKernel_Configuration.txt (BuildFile)
Sun 12:12: INFO    : Running command: ln -sf "../scratch/MeanSolutionKernel_NodeDiary.txt"
Sun 12:12: INFO    : MeanSolutionKernel_NodeDiary.txt (BuildFile)
Sun 12:12: INFO    : Running command: ln -sf "../scratch/MeanSolution-MeanSolutionKernel-final-simulation.pxg"
Sun 12:12: INFO    : MeanSolution-MeanSolutionKernel-final-simulation.pxg (BuildFilePXG)
Sun 12:12: INFO    : Running command: ln -sf "../scratch/MeanSolution.xml"
Sun 12:12: INFO    : MeanSolution.xml (BuildFile)
Sun 12:12: INFO    : Running command: ln -sf "../scratch/MeanSolution.h"
Sun 12:12: INFO    : MeanSolution.h (BuildFileSlicH)
Sun 12:12: INFO    : Running command: ln -sf "../scratch/MeanSolution.max"
Sun 12:12: INFO    : MeanSolution.max (BuildFileMaxFile)
Sun 12:12: INFO    : Result files will be copied to '/home/jelenaglisic1996/WebIDE-Projects/MeanFilter/CPUCode/results'
Sun 12:12: INFO    : Result 'MeanSolution-MeanSolutionKernel-original.pxg' is identical to '/home/jelenaglisic1996/WebIDE-Projects/MeanFilter/CPUCode/results/MeanSolution-MeanSolutionKernel-original.pxg': not overwriting.
Sun 12:12: INFO    : Result 'MeanSolution-MeanSolutionKernel-final-simulation.pxg' is identical to '/home/jelenaglisic1996/WebIDE-Projects/MeanFilter/CPUCode/results/MeanSolution-MeanSolutionKernel-final-simulation.pxg': not overwriting.
Sun 12:12: INFO    : Result 'MeanSolution.h' is identical to '/home/jelenaglisic1996/WebIDE-Projects/MeanFilter/CPUCode/results/MeanSolution.h': not overwriting.
Sun 12:12: INFO    : Result 'MeanSolution.max' is identical to '/home/jelenaglisic1996/WebIDE-Projects/MeanFilter/CPUCode/results/MeanSolution.max': not overwriting.
Sun 12:12: PROGRESS: MaxFile: /tmp/MeanSolution_VECTIS_DFE_SIM/results/MeanSolution.max (MD5Sum: 2b6ee9ff81f700da3feb96bb5730da66)
Sun 12:12: INFO    : Waiting for any outstanding jobs to finish... 
Sun 12:12: PROGRESS: Build completed: Sun Mar 29 12:12:46 UTC 2020 (took 8 secs)
